Using backend: pytorch
Traceback (most recent call last):
  File "train.py", line 3, in <module>
    from parcellearning import cgat
  File "/mnt/parcellator/parcellation/Code/parcellearning/parcellearning/__init__.py", line 3, in <module>
    from . import *
  File "/mnt/parcellator/parcellation/Code/parcellearning/parcellearning/conv/__init__.py", line 1, in <module>
    from .cgatconv import CGATConv
  File "/mnt/parcellator/parcellation/Code/parcellearning/parcellearning/conv/cgatconv.py", line 8, in <module>
    import dgl
  File "/mnt/home/keschenb/anaconda3/lib/python3.6/site-packages/dgl/__init__.py", line 14, in <module>
    from .backend import load_backend, backend_name
  File "/mnt/home/keschenb/anaconda3/lib/python3.6/site-packages/dgl/backend/__init__.py", line 73, in <module>
    load_backend(get_preferred_backend())
  File "/mnt/home/keschenb/anaconda3/lib/python3.6/site-packages/dgl/backend/__init__.py", line 23, in load_backend
    mod = importlib.import_module('.%s' % mod_name, __name__)
  File "/mnt/home/keschenb/anaconda3/lib/python3.6/importlib/__init__.py", line 126, in import_module
    return _bootstrap._gcd_import(name[level:], package, level)
  File "/mnt/home/keschenb/anaconda3/lib/python3.6/site-packages/dgl/backend/pytorch/__init__.py", line 1, in <module>
    from .tensor import *
  File "/mnt/home/keschenb/anaconda3/lib/python3.6/site-packages/dgl/backend/pytorch/tensor.py", line 11, in <module>
    from ... import ndarray as nd
  File "/mnt/home/keschenb/anaconda3/lib/python3.6/site-packages/dgl/ndarray.py", line 16, in <module>
    from ._ffi.ndarray import DGLContext, DGLType, NDArrayBase
  File "<frozen importlib._bootstrap>", line 971, in _find_and_load
  File "<frozen importlib._bootstrap>", line 951, in _find_and_load_unlocked
  File "<frozen importlib._bootstrap>", line 894, in _find_spec
  File "<frozen importlib._bootstrap_external>", line 1157, in find_spec
  File "<frozen importlib._bootstrap_external>", line 1129, in _get_spec
  File "<frozen importlib._bootstrap_external>", line 1271, in find_spec
  File "<frozen importlib._bootstrap_external>", line 96, in _path_isfile
  File "<frozen importlib._bootstrap_external>", line 88, in _path_is_mode_type
  File "<frozen importlib._bootstrap_external>", line 82, in _path_stat
KeyboardInterrupt
